#! /usr/bin/vvp
:ivl_version "0.9.7 " "(v0_9_7)";
:vpi_time_precision + 0;
:vpi_module "system";
:vpi_module "v2005_math";
:vpi_module "va_math";
S_0x19ce8c0 .scope module, "cpu_tb" "cpu_tb" 2 30;
 .timescale 0 0;
v0x1a0dbe0_0 .var "clk", 0 0;
v0x1a0dc60_0 .var/i "i", 31 0;
S_0x19ca5b0 .scope module, "mips1" "cpu" 2 37, 3 30, S_0x19ce8c0;
 .timescale 0 0;
P_0x199c4f8 .param/str "IM_DATA" 3 34, "im_data.txt";
P_0x199c520 .param/l "NMEM" 3 33, +C4<010100>;
L_0x1a144d0 .functor XNOR 1, L_0x1a13a80, C4<1>, C4<0>, C4<0>;
v0x1a0a000_0 .net *"_s0", 32 0, L_0x1a0e1c0; 1 drivers
v0x1a0a080_0 .net *"_s150", 0 0, C4<1>; 1 drivers
v0x1a0a120_0 .net *"_s152", 0 0, L_0x1a144d0; 1 drivers
v0x1a0a1c0_0 .net *"_s23", 3 0, L_0x1a0ed20; 1 drivers
v0x1a0a270_0 .net *"_s25", 25 0, L_0x1a0eeb0; 1 drivers
v0x1a0a310_0 .net *"_s26", 1 0, C4<00>; 1 drivers
v0x1a0a3f0_0 .net *"_s3", 0 0, C4<0>; 1 drivers
v0x1a0a490_0 .net *"_s31", 0 0, L_0x1a0f150; 1 drivers
v0x1a0a530_0 .net *"_s32", 15 0, L_0x1a0f1f0; 1 drivers
v0x1a0a5d0_0 .net *"_s35", 15 0, L_0x1a0f3f0; 1 drivers
v0x1a0a6d0_0 .net *"_s4", 32 0, C4<000000000000000000000000000000100>; 1 drivers
v0x1a0a770_0 .net *"_s53", 29 0, L_0x1a0ff70; 1 drivers
v0x1a0a810_0 .net *"_s54", 1 0, C4<00>; 1 drivers
v0x1a0a8b0_0 .net *"_s6", 32 0, L_0x1a0e2f0; 1 drivers
v0x1a0a9d0_0 .net "aluctl", 3 0, v0x1a042e0_0; 1 drivers
v0x1a0aa50_0 .net "aluop", 1 0, v0x1a06320_0; 1 drivers
v0x1a0a930_0 .net "aluop_s3", 1 0, L_0x1a107d0; 1 drivers
v0x1a0ab60_0 .net "alurslt", 31 0, v0x1a03e40_0; 1 drivers
v0x1a0ac80_0 .net "alurslt_s4", 31 0, L_0x1a117c0; 1 drivers
v0x1a0ad00_0 .net "alurslt_s5", 31 0, v0x19fefc0_0; 1 drivers
v0x1a0abe0_0 .net "alusrc", 0 0, v0x1a063e0_0; 1 drivers
v0x1a0ae60_0 .net "alusrc_data2", 31 0, L_0x1a11720; 1 drivers
v0x1a0adb0_0 .net "alusrc_s3", 0 0, L_0x1a109f0; 1 drivers
v0x1a0afa0_0 .net "baddr_s2", 31 0, L_0x1a0feb0; 1 drivers
v0x1a0aee0_0 .net "baddr_s3", 31 0, v0x1a057b0_0; 1 drivers
v0x1a0b140_0 .net "baddr_s4", 31 0, v0x1a00df0_0; 1 drivers
v0x1a0b020_0 .net "branch_eq_s2", 0 0, v0x1a06480_0; 1 drivers
v0x1a0b2a0_0 .net "branch_eq_s3", 0 0, L_0x1a10b90; 1 drivers
v0x1a0b1c0_0 .net "branch_eq_s4", 0 0, L_0x1a138f0; 1 drivers
v0x1a0b410_0 .net "branch_ne_s2", 0 0, v0x1a06520_0; 1 drivers
v0x1a0b320_0 .net "branch_ne_s3", 0 0, L_0x1a10eb0; 1 drivers
v0x1a0b590_0 .net "branch_ne_s4", 0 0, L_0x1a13650; 1 drivers
v0x1a0b490_0 .net "clk", 0 0, v0x1a0dbe0_0; 1 drivers
v0x1a0b510_0 .net "data1", 31 0, v0x1a084f0_0; 1 drivers
v0x1a0b730_0 .net "data1_s3", 31 0, L_0x1a0fa40; 1 drivers
v0x1a0b7b0_0 .net "data2", 31 0, v0x1a085b0_0; 1 drivers
v0x1a0b610_0 .net "data2_s3", 31 0, L_0x1a0fb80; 1 drivers
v0x1a0b690_0 .net "data2_s4", 31 0, v0x1a01cb0_0; 1 drivers
v0x1a0b970_0 .var "flush_s1", 0 0;
v0x1a0ba40_0 .var "flush_s2", 0 0;
v0x1a05a00_0 .var "flush_s3", 0 0;
v0x1a0bc10_0 .var "forward_a", 1 0;
v0x1a0bac0_0 .var "forward_b", 1 0;
v0x1a0bb40_0 .net "funct", 5 0, L_0x1a115e0; 1 drivers
v0x1a0be00_0 .var "fw_data1_s3", 31 0;
v0x1a0be80_0 .var "fw_data2_s3", 31 0;
v0x1a0bc90_0 .net "imm", 15 0, L_0x1a0ebe0; 1 drivers
v0x1a0bd10_0 .net "inst", 31 0, L_0x1a0a650; 1 drivers
v0x1a0c090_0 .net "inst_s2", 31 0, v0x1a094e0_0; 1 drivers
v0x1a0c110_0 .net "jaddr_s2", 31 0, L_0x1a0f060; 1 drivers
v0x1a0bf00_0 .net "jaddr_s3", 31 0, v0x1a04d50_0; 1 drivers
v0x1a0bfd0_0 .net "jaddr_s4", 31 0, v0x1a004a0_0; 1 drivers
v0x1a0c340_0 .net "jump_s2", 0 0, v0x1a065d0_0; 1 drivers
v0x1a0c410_0 .net "jump_s3", 0 0, v0x1a051b0_0; 1 drivers
v0x1a0c1e0_0 .net "jump_s4", 0 0, v0x1a00950_0; 1 drivers
v0x1a0c260_0 .net "memread", 0 0, v0x1a06680_0; 1 drivers
v0x1a0c660_0 .net "memread_s3", 0 0, L_0x1a106e0; 1 drivers
v0x1a0c6e0_0 .net "memread_s4", 0 0, L_0x1a11450; 1 drivers
v0x1a0c490_0 .net "memtoreg", 0 0, v0x1a06740_0; 1 drivers
v0x1a0c540_0 .net "memtoreg_s3", 0 0, L_0x1a108c0; 1 drivers
v0x1a0c5c0_0 .net "memtoreg_s4", 0 0, L_0x1a10f50; 1 drivers
v0x1a0c950_0 .net "memtoreg_s5", 0 0, L_0x1a13a80; 1 drivers
v0x1a0c760_0 .net "memwrite", 0 0, v0x1a067e0_0; 1 drivers
v0x1a0c810_0 .net "memwrite_s3", 0 0, L_0x1a10600; 1 drivers
v0x1a0c890_0 .net "memwrite_s4", 0 0, L_0x1a11310; 1 drivers
v0x1a0cbe0_0 .net "opcode", 5 0, L_0x1a0e7e0; 1 drivers
v0x1a0c9d0_0 .var "pc", 31 0;
v0x1a0ca80_0 .net "pc4", 31 0, L_0x1a0e4c0; 1 drivers
v0x1a0cb30_0 .net "pc4_s2", 31 0, v0x1a09f50_0; 1 drivers
v0x1a0ce90_0 .net "pc4_s3", 31 0, v0x1a06e20_0; 1 drivers
v0x1a0cc60_0 .var "pcsrc", 0 0;
v0x1a0cce0_0 .net "rd", 4 0, L_0x1a0eb40; 1 drivers
v0x1a0cd60_0 .net "rd_s3", 4 0, L_0x1a0fdc0; 1 drivers
v0x1a0cde0_0 .net "rdata", 31 0, L_0x1a13df0; 1 drivers
v0x1a0d1c0_0 .net "rdata_s5", 31 0, v0x19ff4d0_0; 1 drivers
v0x1a0d240_0 .net "regdst", 0 0, v0x1a06920_0; 1 drivers
v0x1a0cf10_0 .net "regdst_s3", 0 0, L_0x1a10100; 1 drivers
v0x1a0cf90_0 .net "regwrite", 0 0, v0x1a069c0_0; 1 drivers
v0x1a0d010_0 .net "regwrite_s3", 0 0, L_0x1a10af0; 1 drivers
v0x1a0d090_0 .net "regwrite_s4", 0 0, L_0x1a11270; 1 drivers
v0x1a0d550_0 .net "regwrite_s5", 0 0, L_0x1a13990; 1 drivers
v0x1a0d5d0_0 .net "rs", 4 0, L_0x1a0e920; 1 drivers
v0x1a0d310_0 .net "rs_s3", 4 0, v0x1a08080_0; 1 drivers
v0x1a0d390_0 .net "rt", 4 0, L_0x1a0e9c0; 1 drivers
v0x1a0d410_0 .net "rt_s3", 4 0, L_0x1a0fae0; 1 drivers
v0x1a0d490_0 .net "seimm", 31 0, L_0x1a0f720; 1 drivers
v0x1a0d910_0 .net "seimm_s3", 31 0, v0x1a076d0_0; 1 drivers
v0x1a0d9c0_0 .net "seimm_sl2", 31 0, L_0x1a10010; 1 drivers
v0x1a0d650_0 .net "shamt", 4 0, L_0x1a0ec80; 1 drivers
v0x1a0d6d0_0 .var "stall_s1_s2", 0 0;
v0x1a07ad0_0 .net "wrdata_s5", 31 0, L_0x1a145d0; 1 drivers
v0x1a0d890_0 .net "wrreg", 4 0, L_0x1a13500; 1 drivers
v0x1a0dd60_0 .net "wrreg_s4", 4 0, v0x1a01820_0; 1 drivers
v0x1a0de30_0 .net "wrreg_s5", 4 0, v0x19feaf0_0; 1 drivers
v0x1a0da90_0 .net "zero_s3", 0 0, L_0x1a11970; 1 drivers
v0x1a0db60_0 .net "zero_s4", 0 0, v0x1a02600_0; 1 drivers
E_0x19bc420 .event edge, v0x1a0c660_0, v0x1a08e70_0, v0x1a0d410_0, v0x1a07fd0_0;
E_0x19c2140/0 .event edge, v0x1a0d090_0, v0x19fea40_0, v0x1a08080_0, v0x1a08ef0_0;
E_0x19c2140/1 .event edge, v0x19feaf0_0, v0x1a0d410_0;
E_0x19c2140 .event/or E_0x19c2140/0, E_0x19c2140/1;
E_0x19c33f0 .event edge, v0x1a02600_0, v0x1a0b1c0_0, v0x1a0b590_0;
E_0x19c42e0 .event edge, v0x1a0bac0_0, v0x19fef10_0, v0x1a08f90_0, v0x1a0b610_0;
E_0x19c9f10 .event edge, v0x1a0bc10_0, v0x19fef10_0, v0x1a08f90_0, v0x1a0b730_0;
E_0x19cc790 .event edge, v0x1a0cc60_0, v0x1a00950_0;
L_0x1a0e1c0 .concat [ 32 1 0 0], v0x1a0c9d0_0, C4<0>;
L_0x1a0e2f0 .arith/sum 33, L_0x1a0e1c0, C4<000000000000000000000000000000100>;
L_0x1a0e4c0 .part L_0x1a0e2f0, 0, 32;
L_0x1a0e7e0 .part v0x1a094e0_0, 26, 6;
L_0x1a0e920 .part v0x1a094e0_0, 21, 5;
L_0x1a0e9c0 .part v0x1a094e0_0, 16, 5;
L_0x1a0eb40 .part v0x1a094e0_0, 11, 5;
L_0x1a0ebe0 .part v0x1a094e0_0, 0, 16;
L_0x1a0ec80 .part v0x1a094e0_0, 6, 5;
L_0x1a0ed20 .part v0x1a0c9d0_0, 28, 4;
L_0x1a0eeb0 .part v0x1a094e0_0, 0, 26;
L_0x1a0f060 .concat [ 2 26 4 0], C4<00>, L_0x1a0eeb0, L_0x1a0ed20;
L_0x1a0f150 .part v0x1a094e0_0, 15, 1;
LS_0x1a0f1f0_0_0 .concat [ 1 1 1 1], L_0x1a0f150, L_0x1a0f150, L_0x1a0f150, L_0x1a0f150;
LS_0x1a0f1f0_0_4 .concat [ 1 1 1 1], L_0x1a0f150, L_0x1a0f150, L_0x1a0f150, L_0x1a0f150;
LS_0x1a0f1f0_0_8 .concat [ 1 1 1 1], L_0x1a0f150, L_0x1a0f150, L_0x1a0f150, L_0x1a0f150;
LS_0x1a0f1f0_0_12 .concat [ 1 1 1 1], L_0x1a0f150, L_0x1a0f150, L_0x1a0f150, L_0x1a0f150;
L_0x1a0f1f0 .concat [ 4 4 4 4], LS_0x1a0f1f0_0_0, LS_0x1a0f1f0_0_4, LS_0x1a0f1f0_0_8, LS_0x1a0f1f0_0_12;
L_0x1a0f3f0 .part v0x1a094e0_0, 0, 16;
L_0x1a0f720 .concat [ 16 16 0 0], L_0x1a0f3f0, L_0x1a0f1f0;
L_0x1a0f9a0 .concat [ 32 32 0 0], v0x1a085b0_0, v0x1a084f0_0;
L_0x1a0fa40 .part v0x1a07be0_0, 32, 32;
L_0x1a0fb80 .part v0x1a07be0_0, 0, 32;
L_0x1a0fc20 .concat [ 5 5 0 0], L_0x1a0eb40, L_0x1a0e9c0;
L_0x1a0fae0 .part v0x1a07250_0, 5, 5;
L_0x1a0fdc0 .part v0x1a07250_0, 0, 5;
L_0x1a0ff70 .part L_0x1a0f720, 0, 30;
L_0x1a10010 .concat [ 2 30 0 0], C4<00>, L_0x1a0ff70;
L_0x1a0feb0 .arith/sum 32, v0x1a09f50_0, L_0x1a10010;
LS_0x1a102e0_0_0 .concat [ 1 1 2 1], v0x1a063e0_0, v0x1a069c0_0, v0x1a06320_0, v0x1a06740_0;
LS_0x1a102e0_0_4 .concat [ 1 1 1 0], v0x1a067e0_0, v0x1a06680_0, v0x1a06920_0;
L_0x1a102e0 .concat [ 5 3 0 0], LS_0x1a102e0_0_0, LS_0x1a102e0_0_4;
L_0x1a10100 .part v0x1a06120_0, 7, 1;
L_0x1a106e0 .part v0x1a06120_0, 6, 1;
L_0x1a10600 .part v0x1a06120_0, 5, 1;
L_0x1a108c0 .part v0x1a06120_0, 4, 1;
L_0x1a107d0 .part v0x1a06120_0, 2, 2;
L_0x1a10af0 .part v0x1a06120_0, 1, 1;
L_0x1a109f0 .part v0x1a06120_0, 0, 1;
L_0x1a10ca0 .concat [ 1 1 0 0], v0x1a06520_0, v0x1a06480_0;
L_0x1a10b90 .part v0x1a05c60_0, 1, 1;
L_0x1a10eb0 .part v0x1a05c60_0, 0, 1;
L_0x1a11080 .concat [ 1 1 1 1], L_0x1a10600, L_0x1a106e0, L_0x1a108c0, L_0x1a10af0;
L_0x1a11270 .part v0x1a048a0_0, 3, 1;
L_0x1a10f50 .part v0x1a048a0_0, 2, 1;
L_0x1a11450 .part v0x1a048a0_0, 1, 1;
L_0x1a11310 .part v0x1a048a0_0, 0, 1;
L_0x1a11720 .functor MUXZ 32, v0x1a0be80_0, v0x1a076d0_0, L_0x1a109f0, C4<>;
L_0x1a115e0 .part v0x1a076d0_0, 0, 6;
L_0x1a135b0 .concat [ 32 0 0 0], v0x1a03e40_0;
L_0x1a117c0 .part v0x1a02140_0, 0, 32;
L_0x1a13500 .functor MUXZ 5, L_0x1a0fae0, L_0x1a0fdc0, L_0x1a10100, C4<>;
L_0x1a11860 .concat [ 1 1 0 0], L_0x1a10eb0, L_0x1a10b90;
L_0x1a138f0 .part v0x1a012f0_0, 1, 1;
L_0x1a13650 .part v0x1a012f0_0, 0, 1;
L_0x1a13c10 .concat [ 1 1 0 0], L_0x1a10f50, L_0x1a11270;
L_0x1a13990 .part v0x19fffe0_0, 1, 1;
L_0x1a13a80 .part v0x19fffe0_0, 0, 1;
L_0x1a140f0 .part L_0x1a117c0, 2, 7;
L_0x1a145d0 .functor MUXZ 32, v0x19fefc0_0, v0x19ff4d0_0, L_0x1a144d0, C4<>;
S_0x1a09bb0 .scope module, "regr_pc4_s2" "regr" 3 100, 4 31, S_0x19ca5b0;
 .timescale 0 0;
P_0x1a09ca8 .param/l "N" 4 38, +C4<0100000>;
v0x1a09d20_0 .net "clear", 0 0, v0x1a0b970_0; 1 drivers
v0x1a09da0_0 .alias "clk", 0 0, v0x1a0b490_0;
v0x1a09e20_0 .net "hold", 0 0, v0x1a0d6d0_0; 1 drivers
v0x1a09ea0_0 .alias "in", 31 0, v0x1a0ca80_0;
v0x1a09f50_0 .var "out", 31 0;
S_0x1a09580 .scope module, "im1" "im" 3 108, 5 24, S_0x19ca5b0;
 .timescale 0 0;
P_0x1a09678 .param/str "IM_DATA" 5 31, "im_data.txt";
P_0x1a096a0 .param/l "NMEM" 5 29, +C4<010100>;
L_0x1a0a650 .functor BUFZ 32, L_0x1a0e600, C4<00000000000000000000000000000000>, C4<00000000000000000000000000000000>, C4<00000000000000000000000000000000>;
v0x1a09810_0 .net *"_s0", 31 0, L_0x1a0e600; 1 drivers
v0x1a098b0_0 .net *"_s3", 6 0, L_0x1a0e6a0; 1 drivers
v0x1a09950_0 .net "addr", 31 0, v0x1a0c9d0_0; 1 drivers
v0x1a099f0_0 .alias "clk", 0 0, v0x1a0b490_0;
v0x1a09a70_0 .alias "data", 31 0, v0x1a0bd10_0;
v0x1a09af0 .array "mem", 127 0, 31 0;
L_0x1a0e600 .array/port v0x1a09af0, L_0x1a0e6a0;
L_0x1a0e6a0 .part v0x1a0c9d0_0, 2, 7;
S_0x1a09140 .scope module, "regr_im_s2" "regr" 3 109, 4 31, S_0x19ca5b0;
 .timescale 0 0;
P_0x1a088a8 .param/l "N" 4 38, +C4<0100000>;
v0x1a092a0_0 .alias "clear", 0 0, v0x1a09d20_0;
v0x1a09360_0 .alias "clk", 0 0, v0x1a0b490_0;
v0x1a093e0_0 .alias "hold", 0 0, v0x1a09e20_0;
v0x1a09460_0 .alias "in", 31 0, v0x1a0bd10_0;
v0x1a094e0_0 .var "out", 31 0;
S_0x1a08120 .scope module, "regm1" "regm" 3 138, 6 27, S_0x19ca5b0;
 .timescale 0 0;
v0x1a084f0_0 .var "_data1", 31 0;
v0x1a085b0_0 .var "_data2", 31 0;
v0x1a08650_0 .alias "clk", 0 0, v0x1a0b490_0;
v0x1a086d0_0 .alias "data1", 31 0, v0x1a0b510_0;
v0x1a08780_0 .alias "data2", 31 0, v0x1a0b7b0_0;
v0x1a08820 .array "mem", 31 0, 31 0;
v0x1a08df0_0 .alias "read1", 4 0, v0x1a0d5d0_0;
v0x1a08e70_0 .alias "read2", 4 0, v0x1a0d390_0;
v0x1a08ef0_0 .alias "regwrite", 0 0, v0x1a0d550_0;
v0x1a08f90_0 .alias "wrdata", 31 0, v0x1a07ad0_0;
v0x1a09090_0 .alias "wrreg", 4 0, v0x1a0de30_0;
E_0x1a08210/0 .event edge, v0x1a08e70_0, v0x19feaf0_0, v0x1a08ef0_0, v0x1a08f90_0;
v0x1a08820_0 .array/port v0x1a08820, 0;
v0x1a08820_1 .array/port v0x1a08820, 1;
v0x1a08820_2 .array/port v0x1a08820, 2;
v0x1a08820_3 .array/port v0x1a08820, 3;
E_0x1a08210/1 .event edge, v0x1a08820_0, v0x1a08820_1, v0x1a08820_2, v0x1a08820_3;
v0x1a08820_4 .array/port v0x1a08820, 4;
v0x1a08820_5 .array/port v0x1a08820, 5;
v0x1a08820_6 .array/port v0x1a08820, 6;
v0x1a08820_7 .array/port v0x1a08820, 7;
E_0x1a08210/2 .event edge, v0x1a08820_4, v0x1a08820_5, v0x1a08820_6, v0x1a08820_7;
v0x1a08820_8 .array/port v0x1a08820, 8;
v0x1a08820_9 .array/port v0x1a08820, 9;
v0x1a08820_10 .array/port v0x1a08820, 10;
v0x1a08820_11 .array/port v0x1a08820, 11;
E_0x1a08210/3 .event edge, v0x1a08820_8, v0x1a08820_9, v0x1a08820_10, v0x1a08820_11;
v0x1a08820_12 .array/port v0x1a08820, 12;
v0x1a08820_13 .array/port v0x1a08820, 13;
v0x1a08820_14 .array/port v0x1a08820, 14;
v0x1a08820_15 .array/port v0x1a08820, 15;
E_0x1a08210/4 .event edge, v0x1a08820_12, v0x1a08820_13, v0x1a08820_14, v0x1a08820_15;
v0x1a08820_16 .array/port v0x1a08820, 16;
v0x1a08820_17 .array/port v0x1a08820, 17;
v0x1a08820_18 .array/port v0x1a08820, 18;
v0x1a08820_19 .array/port v0x1a08820, 19;
E_0x1a08210/5 .event edge, v0x1a08820_16, v0x1a08820_17, v0x1a08820_18, v0x1a08820_19;
v0x1a08820_20 .array/port v0x1a08820, 20;
v0x1a08820_21 .array/port v0x1a08820, 21;
v0x1a08820_22 .array/port v0x1a08820, 22;
v0x1a08820_23 .array/port v0x1a08820, 23;
E_0x1a08210/6 .event edge, v0x1a08820_20, v0x1a08820_21, v0x1a08820_22, v0x1a08820_23;
v0x1a08820_24 .array/port v0x1a08820, 24;
v0x1a08820_25 .array/port v0x1a08820, 25;
v0x1a08820_26 .array/port v0x1a08820, 26;
v0x1a08820_27 .array/port v0x1a08820, 27;
E_0x1a08210/7 .event edge, v0x1a08820_24, v0x1a08820_25, v0x1a08820_26, v0x1a08820_27;
v0x1a08820_28 .array/port v0x1a08820, 28;
v0x1a08820_29 .array/port v0x1a08820, 29;
v0x1a08820_30 .array/port v0x1a08820, 30;
v0x1a08820_31 .array/port v0x1a08820, 31;
E_0x1a08210/8 .event edge, v0x1a08820_28, v0x1a08820_29, v0x1a08820_30, v0x1a08820_31;
E_0x1a08210 .event/or E_0x1a08210/0, E_0x1a08210/1, E_0x1a08210/2, E_0x1a08210/3, E_0x1a08210/4, E_0x1a08210/5, E_0x1a08210/6, E_0x1a08210/7, E_0x1a08210/8;
E_0x1a08390/0 .event edge, v0x1a07fd0_0, v0x19feaf0_0, v0x1a08ef0_0, v0x1a08f90_0;
E_0x1a08390/1 .event edge, v0x1a08820_0, v0x1a08820_1, v0x1a08820_2, v0x1a08820_3;
E_0x1a08390/2 .event edge, v0x1a08820_4, v0x1a08820_5, v0x1a08820_6, v0x1a08820_7;
E_0x1a08390/3 .event edge, v0x1a08820_8, v0x1a08820_9, v0x1a08820_10, v0x1a08820_11;
E_0x1a08390/4 .event edge, v0x1a08820_12, v0x1a08820_13, v0x1a08820_14, v0x1a08820_15;
E_0x1a08390/5 .event edge, v0x1a08820_16, v0x1a08820_17, v0x1a08820_18, v0x1a08820_19;
E_0x1a08390/6 .event edge, v0x1a08820_20, v0x1a08820_21, v0x1a08820_22, v0x1a08820_23;
E_0x1a08390/7 .event edge, v0x1a08820_24, v0x1a08820_25, v0x1a08820_26, v0x1a08820_27;
E_0x1a08390/8 .event edge, v0x1a08820_28, v0x1a08820_29, v0x1a08820_30, v0x1a08820_31;
E_0x1a08390 .event/or E_0x1a08390/0, E_0x1a08390/1, E_0x1a08390/2, E_0x1a08390/3, E_0x1a08390/4, E_0x1a08390/5, E_0x1a08390/6, E_0x1a08390/7, E_0x1a08390/8;
S_0x1a07c80 .scope module, "regr_s2_rs" "regr" 3 145, 4 31, S_0x19ca5b0;
 .timescale 0 0;
P_0x1a07d78 .param/l "N" 4 38, +C4<0101>;
v0x1a07e30_0 .net "clear", 0 0, C4<0>; 1 drivers
v0x1a07ed0_0 .alias "clk", 0 0, v0x1a0b490_0;
v0x1a07f50_0 .alias "hold", 0 0, v0x1a09e20_0;
v0x1a07fd0_0 .alias "in", 4 0, v0x1a0d5d0_0;
v0x1a08080_0 .var "out", 4 0;
S_0x1a07770 .scope module, "reg_s2_mem" "regr" 3 150, 4 31, S_0x19ca5b0;
 .timescale 0 0;
P_0x1a07868 .param/l "N" 4 38, +C4<01000000>;
v0x1a07930_0 .net "clear", 0 0, v0x1a0ba40_0; 1 drivers
v0x1a079d0_0 .alias "clk", 0 0, v0x1a0b490_0;
v0x1a07a50_0 .alias "hold", 0 0, v0x1a09e20_0;
v0x1a07b60_0 .net "in", 63 0, L_0x1a0f9a0; 1 drivers
v0x1a07be0_0 .var "out", 63 0;
S_0x1a072f0 .scope module, "reg_s2_seimm" "regr" 3 158, 4 31, S_0x19ca5b0;
 .timescale 0 0;
P_0x1a073e8 .param/l "N" 4 38, +C4<0100000>;
v0x1a074b0_0 .alias "clear", 0 0, v0x1a07930_0;
v0x1a07550_0 .alias "clk", 0 0, v0x1a0b490_0;
v0x1a075d0_0 .alias "hold", 0 0, v0x1a09e20_0;
v0x1a07650_0 .alias "in", 31 0, v0x1a0d490_0;
v0x1a076d0_0 .var "out", 31 0;
S_0x1a06ea0 .scope module, "reg_s2_rt_rd" "regr" 3 160, 4 31, S_0x19ca5b0;
 .timescale 0 0;
P_0x1a06f98 .param/l "N" 4 38, +C4<01010>;
v0x1a07050_0 .alias "clear", 0 0, v0x1a07930_0;
v0x1a070d0_0 .alias "clk", 0 0, v0x1a0b490_0;
v0x1a07150_0 .alias "hold", 0 0, v0x1a09e20_0;
v0x1a071d0_0 .net "in", 9 0, L_0x1a0fc20; 1 drivers
v0x1a07250_0 .var "out", 9 0;
S_0x1a06a60 .scope module, "reg_pc4_s2" "regr" 3 165, 4 31, S_0x19ca5b0;
 .timescale 0 0;
P_0x1a06708 .param/l "N" 4 38, +C4<0100000>;
v0x1a06bb0_0 .net "clear", 0 0, C4<0>; 1 drivers
v0x1a06c70_0 .alias "clk", 0 0, v0x1a0b490_0;
v0x1a06cf0_0 .alias "hold", 0 0, v0x1a09e20_0;
v0x1a06d70_0 .alias "in", 31 0, v0x1a0cb30_0;
v0x1a06e20_0 .var "out", 31 0;
S_0x1a061c0 .scope module, "ctl1" "control" 3 180, 7 4, S_0x19ca5b0;
 .timescale 0 0;
v0x1a06320_0 .var "aluop", 1 0;
v0x1a063e0_0 .var "alusrc", 0 0;
v0x1a06480_0 .var "branch_eq", 0 0;
v0x1a06520_0 .var "branch_ne", 0 0;
v0x1a065d0_0 .var "jump", 0 0;
v0x1a06680_0 .var "memread", 0 0;
v0x1a06740_0 .var "memtoreg", 0 0;
v0x1a067e0_0 .var "memwrite", 0 0;
v0x1a06880_0 .alias "opcode", 5 0, v0x1a0cbe0_0;
v0x1a06920_0 .var "regdst", 0 0;
v0x1a069c0_0 .var "regwrite", 0 0;
E_0x1a062b0 .event edge, v0x1a06880_0;
S_0x1a05d00 .scope module, "reg_s2_control" "regr" 3 204, 4 31, S_0x19ca5b0;
 .timescale 0 0;
P_0x1a05df8 .param/l "N" 4 38, +C4<01000>;
v0x1a05eb0_0 .alias "clear", 0 0, v0x1a09e20_0;
v0x1a05f50_0 .alias "clk", 0 0, v0x1a0b490_0;
v0x1a05fd0_0 .net "hold", 0 0, C4<0>; 1 drivers
v0x1a06070_0 .net "in", 7 0, L_0x1a102e0; 1 drivers
v0x1a06120_0 .var "out", 7 0;
S_0x1a05830 .scope module, "branch_s2_s3" "regr" 3 211, 4 31, S_0x19ca5b0;
 .timescale 0 0;
P_0x1a01218 .param/l "N" 4 38, +C4<010>;
v0x1a05980_0 .alias "clear", 0 0, v0x1a07930_0;
v0x1a05a90_0 .alias "clk", 0 0, v0x1a0b490_0;
v0x1a05b10_0 .net "hold", 0 0, C4<0>; 1 drivers
v0x1a05bb0_0 .net "in", 1 0, L_0x1a10ca0; 1 drivers
v0x1a05c60_0 .var "out", 1 0;
S_0x1a05260 .scope module, "baddr_s2_s3" "regr" 3 216, 4 31, S_0x19ca5b0;
 .timescale 0 0;
P_0x1a05358 .param/l "N" 4 38, +C4<0100000>;
v0x1a05400_0 .alias "clear", 0 0, v0x1a07930_0;
v0x1a054a0_0 .alias "clk", 0 0, v0x1a0b490_0;
v0x1a01140_0 .net "hold", 0 0, C4<0>; 1 drivers
v0x1a05730_0 .alias "in", 31 0, v0x1a0afa0_0;
v0x1a057b0_0 .var "out", 31 0;
S_0x1a04e00 .scope module, "reg_jump_s3" "regr" 3 220, 4 31, S_0x19ca5b0;
 .timescale 0 0;
P_0x1a04ef8 .param/l "N" 4 38, +C4<01>;
v0x1a04f90_0 .alias "clear", 0 0, v0x1a07930_0;
v0x1a05010_0 .alias "clk", 0 0, v0x1a0b490_0;
v0x1a05090_0 .net "hold", 0 0, C4<0>; 1 drivers
v0x1a05130_0 .alias "in", 0 0, v0x1a0c340_0;
v0x1a051b0_0 .var "out", 0 0;
S_0x1a04940 .scope module, "reg_jaddr_s3" "regr" 3 225, 4 31, S_0x19ca5b0;
 .timescale 0 0;
P_0x1a04a38 .param/l "N" 4 38, +C4<0100000>;
v0x1a04b00_0 .alias "clear", 0 0, v0x1a07930_0;
v0x1a04ba0_0 .alias "clk", 0 0, v0x1a0b490_0;
v0x1a04c20_0 .net "hold", 0 0, C4<0>; 1 drivers
v0x1a04ca0_0 .alias "in", 31 0, v0x1a0c110_0;
v0x1a04d50_0 .var "out", 31 0;
S_0x1a044c0 .scope module, "reg_s3" "regr" 3 236, 4 31, S_0x19ca5b0;
 .timescale 0 0;
P_0x1a02bf8 .param/l "N" 4 38, +C4<0100>;
v0x1a04630_0 .alias "clear", 0 0, v0x1a07930_0;
v0x1a046d0_0 .alias "clk", 0 0, v0x1a0b490_0;
v0x1a04750_0 .net "hold", 0 0, C4<0>; 1 drivers
v0x1a047f0_0 .net "in", 3 0, L_0x1a11080; 1 drivers
v0x1a048a0_0 .var "out", 3 0;
S_0x1a04170 .scope module, "alu_ctl1" "alu_control" 3 250, 8 4, S_0x19ca5b0;
 .timescale 0 0;
v0x1a04260_0 .var "_funct", 3 0;
v0x1a042e0_0 .var "aluctl", 3 0;
v0x1a04390_0 .alias "aluop", 1 0, v0x1a0a930_0;
v0x1a04410_0 .alias "funct", 5 0, v0x1a0bb40_0;
E_0x1a03de0 .event edge, v0x1a04390_0, v0x1a04260_0;
E_0x1a03f40 .event edge, v0x1a04410_0;
S_0x1a026a0 .scope module, "alu1" "alu" 3 261, 9 6, S_0x19ca5b0;
 .timescale 0 0;
L_0x1a10d90 .functor XNOR 1, L_0x1a11d40, L_0x1a11e70, C4<0>, C4<0>;
L_0x1a120a0 .functor XOR 1, L_0x1a11f10, L_0x1a12000, C4<0>, C4<0>;
L_0x1a121a0 .functor AND 1, L_0x1a10d90, L_0x1a120a0, C4<1>, C4<1>;
L_0x1a126e0 .functor XNOR 1, L_0x1a12540, L_0x1a125e0, C4<0>, C4<0>;
L_0x1a12680 .functor XOR 1, L_0x1a12790, L_0x1a12880, C4<0>, C4<0>;
L_0x1a129c0 .functor AND 1, L_0x1a126e0, L_0x1a12680, C4<1>, C4<1>;
L_0x1a13220 .functor NOT 1, L_0x1a13070, C4<0>, C4<0>, C4<0>;
v0x1a02820_0 .net *"_s0", 31 0, C4<00000000000000000000000000000000>; 1 drivers
v0x1a028e0_0 .net *"_s11", 0 0, L_0x1a11e70; 1 drivers
v0x1a02980_0 .net *"_s12", 0 0, L_0x1a10d90; 1 drivers
v0x1a02a20_0 .net *"_s15", 0 0, L_0x1a11f10; 1 drivers
v0x1a02ad0_0 .net *"_s17", 0 0, L_0x1a12000; 1 drivers
v0x1a02b70_0 .net *"_s18", 0 0, L_0x1a120a0; 1 drivers
v0x1a02c50_0 .net *"_s20", 0 0, L_0x1a121a0; 1 drivers
v0x1a02cf0_0 .net/s *"_s22", 0 0, C4<1>; 1 drivers
v0x1a02d90_0 .net/s *"_s24", 0 0, C4<0>; 1 drivers
v0x1a02e30_0 .net *"_s29", 0 0, L_0x1a12540; 1 drivers
v0x1a02f30_0 .net *"_s31", 0 0, L_0x1a125e0; 1 drivers
v0x1a02fd0_0 .net *"_s32", 0 0, L_0x1a126e0; 1 drivers
v0x1a030e0_0 .net *"_s35", 0 0, L_0x1a12790; 1 drivers
v0x1a03180_0 .net *"_s37", 0 0, L_0x1a12880; 1 drivers
v0x1a032a0_0 .net *"_s38", 0 0, L_0x1a12680; 1 drivers
v0x1a03340_0 .net *"_s40", 0 0, L_0x1a129c0; 1 drivers
v0x1a03200_0 .net/s *"_s42", 0 0, C4<1>; 1 drivers
v0x1a03490_0 .net/s *"_s44", 0 0, C4<0>; 1 drivers
v0x1a035b0_0 .net *"_s48", 3 0, C4<0010>; 1 drivers
v0x1a03630_0 .net *"_s50", 0 0, L_0x1a12e40; 1 drivers
v0x1a03510_0 .net *"_s55", 0 0, L_0x1a13070; 1 drivers
v0x1a03760_0 .net *"_s56", 0 0, L_0x1a13220; 1 drivers
v0x1a036b0_0 .net *"_s59", 0 0, L_0x1a132d0; 1 drivers
v0x1a038a0_0 .net *"_s9", 0 0, L_0x1a11d40; 1 drivers
v0x1a03800_0 .net "a", 31 0, v0x1a0be00_0; 1 drivers
v0x1a039f0_0 .net "add_ab", 31 0, L_0x1a11c10; 1 drivers
v0x1a03940_0 .alias "b", 31 0, v0x1a0ae60_0;
v0x1a03b50_0 .alias "ctl", 3 0, v0x1a0a9d0_0;
v0x1a03a90_0 .net "oflow", 0 0, L_0x1a12ee0; 1 drivers
v0x1a03cc0_0 .net "oflow_add", 0 0, L_0x1a12360; 1 drivers
v0x1a03bd0_0 .net "oflow_sub", 0 0, L_0x1a12bd0; 1 drivers
v0x1a03e40_0 .var "out", 31 0;
v0x1a03d40_0 .net "slt", 0 0, L_0x1a13370; 1 drivers
v0x1a03fd0_0 .net "sub_ab", 31 0, L_0x1a11ab0; 1 drivers
v0x1a03ec0_0 .alias "zero", 0 0, v0x1a0da90_0;
E_0x1a02790/0 .event edge, v0x1a03b50_0, v0x1a039f0_0, v0x1a03800_0, v0x1a03940_0;
E_0x1a02790/1 .event edge, v0x1a03d40_0, v0x1a03fd0_0;
E_0x1a02790 .event/or E_0x1a02790/0, E_0x1a02790/1;
L_0x1a11970 .cmp/eq 32, C4<00000000000000000000000000000000>, v0x1a03e40_0;
L_0x1a11ab0 .arith/sub 32, v0x1a0be00_0, L_0x1a11720;
L_0x1a11c10 .arith/sum 32, v0x1a0be00_0, L_0x1a11720;
L_0x1a11d40 .part v0x1a0be00_0, 31, 1;
L_0x1a11e70 .part L_0x1a11720, 31, 1;
L_0x1a11f10 .part L_0x1a11c10, 31, 1;
L_0x1a12000 .part v0x1a0be00_0, 31, 1;
L_0x1a12360 .functor MUXZ 1, C4<0>, C4<1>, L_0x1a121a0, C4<>;
L_0x1a12540 .part v0x1a0be00_0, 31, 1;
L_0x1a125e0 .part L_0x1a11720, 31, 1;
L_0x1a12790 .part L_0x1a11ab0, 31, 1;
L_0x1a12880 .part v0x1a0be00_0, 31, 1;
L_0x1a12bd0 .functor MUXZ 1, C4<0>, C4<1>, L_0x1a129c0, C4<>;
L_0x1a12e40 .cmp/eq 4, v0x1a042e0_0, C4<0010>;
L_0x1a12ee0 .functor MUXZ 1, L_0x1a12bd0, L_0x1a12360, L_0x1a12e40, C4<>;
L_0x1a13070 .part v0x1a0be00_0, 31, 1;
L_0x1a132d0 .part v0x1a0be00_0, 31, 1;
L_0x1a13370 .functor MUXZ 1, L_0x1a132d0, L_0x1a13220, L_0x1a12bd0, C4<>;
S_0x1a021e0 .scope module, "reg_zero_s3_s4" "regr" 3 264, 4 31, S_0x19ca5b0;
 .timescale 0 0;
P_0x1a022d8 .param/l "N" 4 38, +C4<01>;
v0x1a02390_0 .net "clear", 0 0, C4<0>; 1 drivers
v0x1a02430_0 .alias "clk", 0 0, v0x1a0b490_0;
v0x1a024b0_0 .net "hold", 0 0, C4<0>; 1 drivers
v0x1a02550_0 .alias "in", 0 0, v0x1a0da90_0;
v0x1a02600_0 .var "out", 0 0;
S_0x1a01d60 .scope module, "reg_alurslt" "regr" 3 269, 4 31, S_0x19ca5b0;
 .timescale 0 0;
P_0x1a01e58 .param/l "N" 4 38, +C4<0100000>;
v0x1a01f00_0 .net "clear", 0 0, v0x1a05a00_0; 1 drivers
v0x1a01fa0_0 .alias "clk", 0 0, v0x1a0b490_0;
v0x1a02020_0 .net "hold", 0 0, C4<0>; 1 drivers
v0x1a020c0_0 .net "in", 31 0, L_0x1a135b0; 1 drivers
v0x1a02140_0 .var "out", 31 0;
S_0x1a018d0 .scope module, "reg_data2_s3" "regr" 3 282, 4 31, S_0x19ca5b0;
 .timescale 0 0;
P_0x1a019c8 .param/l "N" 4 38, +C4<0100000>;
v0x1a01a70_0 .alias "clear", 0 0, v0x1a01f00_0;
v0x1a01b10_0 .alias "clk", 0 0, v0x1a0b490_0;
v0x1a01b90_0 .net "hold", 0 0, C4<0>; 1 drivers
v0x1a01c30_0 .net "in", 31 0, v0x1a0be80_0; 1 drivers
v0x1a01cb0_0 .var "out", 31 0;
S_0x1a01390 .scope module, "reg_wrreg" "regr" 3 290, 4 31, S_0x19ca5b0;
 .timescale 0 0;
P_0x1a01488 .param/l "N" 4 38, +C4<0101>;
v0x1a01540_0 .alias "clear", 0 0, v0x1a01f00_0;
v0x1a01650_0 .alias "clk", 0 0, v0x1a0b490_0;
v0x1a016d0_0 .net "hold", 0 0, C4<0>; 1 drivers
v0x1a01770_0 .alias "in", 4 0, v0x1a0d890_0;
v0x1a01820_0 .var "out", 4 0;
S_0x1a00e90 .scope module, "branch_s3_s4" "regr" 3 294, 4 31, S_0x19ca5b0;
 .timescale 0 0;
P_0x1a00f88 .param/l "N" 4 38, +C4<010>;
v0x1a01040_0 .alias "clear", 0 0, v0x1a01f00_0;
v0x1a010c0_0 .alias "clk", 0 0, v0x1a0b490_0;
v0x19ffe00_0 .net "hold", 0 0, C4<0>; 1 drivers
v0x1a01270_0 .net "in", 1 0, L_0x1a11860; 1 drivers
v0x1a012f0_0 .var "out", 1 0;
S_0x1a009f0 .scope module, "baddr_s3_s4" "regr" 3 299, 4 31, S_0x19ca5b0;
 .timescale 0 0;
P_0x1a00ae8 .param/l "N" 4 38, +C4<0100000>;
v0x1a00bb0_0 .alias "clear", 0 0, v0x1a01f00_0;
v0x1a00c50_0 .alias "clk", 0 0, v0x1a0b490_0;
v0x1a00cd0_0 .net "hold", 0 0, C4<0>; 1 drivers
v0x1a00d70_0 .alias "in", 31 0, v0x1a0aee0_0;
v0x1a00df0_0 .var "out", 31 0;
S_0x1a00540 .scope module, "reg_jump_s4" "regr" 3 303, 4 31, S_0x19ca5b0;
 .timescale 0 0;
P_0x1a00638 .param/l "N" 4 38, +C4<01>;
v0x1a006f0_0 .alias "clear", 0 0, v0x1a01f00_0;
v0x1a007a0_0 .alias "clk", 0 0, v0x1a0b490_0;
v0x1a00820_0 .net "hold", 0 0, C4<0>; 1 drivers
v0x1a008a0_0 .alias "in", 0 0, v0x1a0c410_0;
v0x1a00950_0 .var "out", 0 0;
S_0x1a00080 .scope module, "reg_jaddr_s4" "regr" 3 308, 4 31, S_0x19ca5b0;
 .timescale 0 0;
P_0x1a00178 .param/l "N" 4 38, +C4<0100000>;
v0x1a00240_0 .alias "clear", 0 0, v0x1a01f00_0;
v0x1a00300_0 .alias "clk", 0 0, v0x1a0b490_0;
v0x1a00380_0 .net "hold", 0 0, C4<0>; 1 drivers
v0x1a00420_0 .alias "in", 31 0, v0x1a0bf00_0;
v0x1a004a0_0 .var "out", 31 0;
S_0x19ffb70 .scope module, "reg_regwrite_s4" "regr" 3 316, 4 31, S_0x19ca5b0;
 .timescale 0 0;
P_0x19ff9c8 .param/l "N" 4 38, +C4<010>;
v0x19ffce0_0 .net "clear", 0 0, C4<0>; 1 drivers
v0x19ffd80_0 .alias "clk", 0 0, v0x1a0b490_0;
v0x19ffe90_0 .net "hold", 0 0, C4<0>; 1 drivers
v0x19fff30_0 .net "in", 1 0, L_0x1a13c10; 1 drivers
v0x19fffe0_0 .var "out", 1 0;
S_0x19ff570 .scope module, "dm1" "dm" 3 322, 10 21, S_0x19ca5b0;
 .timescale 0 0;
v0x19ff660_0 .net *"_s0", 31 0, L_0x1a13d50; 1 drivers
v0x19ff720_0 .net "addr", 6 0, L_0x1a140f0; 1 drivers
v0x19ff7c0_0 .alias "clk", 0 0, v0x1a0b490_0;
v0x19ff840 .array "mem", 127 0, 31 0;
v0x19ff8c0_0 .alias "rd", 0 0, v0x1a0c6e0_0;
v0x19ff940_0 .alias "rdata", 31 0, v0x1a0cde0_0;
v0x19ffa00_0 .alias "wdata", 31 0, v0x1a0b690_0;
v0x19ffa80_0 .alias "wr", 0 0, v0x1a0c890_0;
L_0x1a13d50 .array/port v0x19ff840, L_0x1a140f0;
L_0x1a13df0 .functor MUXZ 32, L_0x1a13d50, v0x1a01cb0_0, L_0x1a11310, C4<>;
S_0x19ff060 .scope module, "reg_rdata_s4" "regr" 3 326, 4 31, S_0x19ca5b0;
 .timescale 0 0;
P_0x19ff158 .param/l "N" 4 38, +C4<0100000>;
v0x19ff220_0 .net "clear", 0 0, C4<0>; 1 drivers
v0x19ff2e0_0 .alias "clk", 0 0, v0x1a0b490_0;
v0x19ff3b0_0 .net "hold", 0 0, C4<0>; 1 drivers
v0x19ff450_0 .alias "in", 31 0, v0x1a0cde0_0;
v0x19ff4d0_0 .var "out", 31 0;
S_0x19feb90 .scope module, "reg_alurslt_s4" "regr" 3 332, 4 31, S_0x19ca5b0;
 .timescale 0 0;
P_0x19fec88 .param/l "N" 4 38, +C4<0100000>;
v0x19fed50_0 .net "clear", 0 0, C4<0>; 1 drivers
v0x19fee10_0 .alias "clk", 0 0, v0x1a0b490_0;
v0x19fee90_0 .net "hold", 0 0, C4<0>; 1 drivers
v0x19fef10_0 .alias "in", 31 0, v0x1a0ac80_0;
v0x19fefc0_0 .var "out", 31 0;
S_0x19cc2a0 .scope module, "reg_wrreg_s4" "regr" 3 337, 4 31, S_0x19ca5b0;
 .timescale 0 0;
P_0x19c4fc8 .param/l "N" 4 38, +C4<0101>;
v0x19dccc0_0 .net "clear", 0 0, C4<0>; 1 drivers
v0x19fe900_0 .alias "clk", 0 0, v0x1a0b490_0;
v0x19fe9a0_0 .net "hold", 0 0, C4<0>; 1 drivers
v0x19fea40_0 .alias "in", 4 0, v0x1a0dd60_0;
v0x19feaf0_0 .var "out", 4 0;
E_0x19c48d0 .event posedge, v0x19fe900_0;
    .scope S_0x1a09bb0;
T_0 ;
    %wait E_0x19c48d0;
    %load/v 8, v0x1a09d20_0, 1;
    %jmp/0xz  T_0.0, 8;
    %ix/load 0, 32, 0;
    %assign/v0 v0x1a09f50_0, 0, 0;
    %jmp T_0.1;
T_0.0 ;
    %load/v 8, v0x1a09e20_0, 1;
    %jmp/0xz  T_0.2, 8;
    %load/v 8, v0x1a09f50_0, 32;
    %ix/load 0, 32, 0;
    %assign/v0 v0x1a09f50_0, 0, 8;
    %jmp T_0.3;
T_0.2 ;
    %load/v 8, v0x1a09ea0_0, 32;
    %ix/load 0, 32, 0;
    %assign/v0 v0x1a09f50_0, 0, 8;
T_0.3 ;
T_0.1 ;
    %jmp T_0;
    .thread T_0;
    .scope S_0x1a09580;
T_1 ;
    %vpi_call 5 36 "$readmemh", P_0x1a09678, v0x1a09af0, 1'sb0, 6'sb010011;
    %end;
    .thread T_1;
    .scope S_0x1a09140;
T_2 ;
    %wait E_0x19c48d0;
    %load/v 8, v0x1a092a0_0, 1;
    %jmp/0xz  T_2.0, 8;
    %ix/load 0, 32, 0;
    %assign/v0 v0x1a094e0_0, 0, 0;
    %jmp T_2.1;
T_2.0 ;
    %load/v 8, v0x1a093e0_0, 1;
    %jmp/0xz  T_2.2, 8;
    %load/v 8, v0x1a094e0_0, 32;
    %ix/load 0, 32, 0;
    %assign/v0 v0x1a094e0_0, 0, 8;
    %jmp T_2.3;
T_2.2 ;
    %load/v 8, v0x1a09460_0, 32;
    %ix/load 0, 32, 0;
    %assign/v0 v0x1a094e0_0, 0, 8;
T_2.3 ;
T_2.1 ;
    %jmp T_2;
    .thread T_2;
    .scope S_0x1a08120;
T_3 ;
    %end;
    .thread T_3;
    .scope S_0x1a08120;
T_4 ;
    %wait E_0x1a08390;
    %load/v 8, v0x1a08df0_0, 5;
    %cmpi/u 8, 0, 5;
    %jmp/0xz  T_4.0, 4;
    %set/v v0x1a084f0_0, 0, 32;
    %jmp T_4.1;
T_4.0 ;
    %load/v 8, v0x1a08df0_0, 5;
    %load/v 13, v0x1a09090_0, 5;
    %cmp/u 8, 13, 5;
    %mov 8, 4, 1;
    %load/v 9, v0x1a08ef0_0, 1;
    %and 8, 9, 1;
    %jmp/0xz  T_4.2, 8;
    %load/v 8, v0x1a08f90_0, 32;
    %set/v v0x1a084f0_0, 8, 32;
    %jmp T_4.3;
T_4.2 ;
    %ix/getv 3, v0x1a08df0_0;
    %load/av 8, v0x1a08820, 32;
    %set/v v0x1a084f0_0, 8, 32;
T_4.3 ;
T_4.1 ;
    %jmp T_4;
    .thread T_4, $push;
    .scope S_0x1a08120;
T_5 ;
    %wait E_0x1a08210;
    %load/v 8, v0x1a08e70_0, 5;
    %cmpi/u 8, 0, 5;
    %jmp/0xz  T_5.0, 4;
    %set/v v0x1a085b0_0, 0, 32;
    %jmp T_5.1;
T_5.0 ;
    %load/v 8, v0x1a08e70_0, 5;
    %load/v 13, v0x1a09090_0, 5;
    %cmp/u 8, 13, 5;
    %mov 8, 4, 1;
    %load/v 9, v0x1a08ef0_0, 1;
    %and 8, 9, 1;
    %jmp/0xz  T_5.2, 8;
    %load/v 8, v0x1a08f90_0, 32;
    %set/v v0x1a085b0_0, 8, 32;
    %jmp T_5.3;
T_5.2 ;
    %ix/getv 3, v0x1a08e70_0;
    %load/av 8, v0x1a08820, 32;
    %set/v v0x1a085b0_0, 8, 32;
T_5.3 ;
T_5.1 ;
    %jmp T_5;
    .thread T_5, $push;
    .scope S_0x1a08120;
T_6 ;
    %wait E_0x19c48d0;
    %load/v 8, v0x1a08ef0_0, 1;
    %load/v 9, v0x1a09090_0, 5;
    %cmpi/u 9, 0, 5;
    %inv 4, 1;
    %mov 9, 4, 1;
    %and 8, 9, 1;
    %jmp/0xz  T_6.0, 8;
    %load/v 8, v0x1a08f90_0, 32;
    %ix/getv 3, v0x1a09090_0;
    %jmp/1 t_0, 4;
    %ix/load 0, 32, 0; word width
    %ix/load 1, 0, 0; part off
    %assign/av v0x1a08820, 0, 8;
t_0 ;
T_6.0 ;
    %jmp T_6;
    .thread T_6;
    .scope S_0x1a07c80;
T_7 ;
    %wait E_0x19c48d0;
    %load/v 8, v0x1a07e30_0, 1;
    %jmp/0xz  T_7.0, 8;
    %ix/load 0, 5, 0;
    %assign/v0 v0x1a08080_0, 0, 0;
    %jmp T_7.1;
T_7.0 ;
    %load/v 8, v0x1a07f50_0, 1;
    %jmp/0xz  T_7.2, 8;
    %load/v 8, v0x1a08080_0, 5;
    %ix/load 0, 5, 0;
    %assign/v0 v0x1a08080_0, 0, 8;
    %jmp T_7.3;
T_7.2 ;
    %load/v 8, v0x1a07fd0_0, 5;
    %ix/load 0, 5, 0;
    %assign/v0 v0x1a08080_0, 0, 8;
T_7.3 ;
T_7.1 ;
    %jmp T_7;
    .thread T_7;
    .scope S_0x1a07770;
T_8 ;
    %wait E_0x19c48d0;
    %load/v 8, v0x1a07930_0, 1;
    %jmp/0xz  T_8.0, 8;
    %ix/load 0, 64, 0;
    %assign/v0 v0x1a07be0_0, 0, 0;
    %jmp T_8.1;
T_8.0 ;
    %load/v 8, v0x1a07a50_0, 1;
    %jmp/0xz  T_8.2, 8;
    %load/v 8, v0x1a07be0_0, 64;
    %ix/load 0, 64, 0;
    %assign/v0 v0x1a07be0_0, 0, 8;
    %jmp T_8.3;
T_8.2 ;
    %load/v 8, v0x1a07b60_0, 64;
    %ix/load 0, 64, 0;
    %assign/v0 v0x1a07be0_0, 0, 8;
T_8.3 ;
T_8.1 ;
    %jmp T_8;
    .thread T_8;
    .scope S_0x1a072f0;
T_9 ;
    %wait E_0x19c48d0;
    %load/v 8, v0x1a074b0_0, 1;
    %jmp/0xz  T_9.0, 8;
    %ix/load 0, 32, 0;
    %assign/v0 v0x1a076d0_0, 0, 0;
    %jmp T_9.1;
T_9.0 ;
    %load/v 8, v0x1a075d0_0, 1;
    %jmp/0xz  T_9.2, 8;
    %load/v 8, v0x1a076d0_0, 32;
    %ix/load 0, 32, 0;
    %assign/v0 v0x1a076d0_0, 0, 8;
    %jmp T_9.3;
T_9.2 ;
    %load/v 8, v0x1a07650_0, 32;
    %ix/load 0, 32, 0;
    %assign/v0 v0x1a076d0_0, 0, 8;
T_9.3 ;
T_9.1 ;
    %jmp T_9;
    .thread T_9;
    .scope S_0x1a06ea0;
T_10 ;
    %wait E_0x19c48d0;
    %load/v 8, v0x1a07050_0, 1;
    %jmp/0xz  T_10.0, 8;
    %ix/load 0, 10, 0;
    %assign/v0 v0x1a07250_0, 0, 0;
    %jmp T_10.1;
T_10.0 ;
    %load/v 8, v0x1a07150_0, 1;
    %jmp/0xz  T_10.2, 8;
    %load/v 8, v0x1a07250_0, 10;
    %ix/load 0, 10, 0;
    %assign/v0 v0x1a07250_0, 0, 8;
    %jmp T_10.3;
T_10.2 ;
    %load/v 8, v0x1a071d0_0, 10;
    %ix/load 0, 10, 0;
    %assign/v0 v0x1a07250_0, 0, 8;
T_10.3 ;
T_10.1 ;
    %jmp T_10;
    .thread T_10;
    .scope S_0x1a06a60;
T_11 ;
    %wait E_0x19c48d0;
    %load/v 8, v0x1a06bb0_0, 1;
    %jmp/0xz  T_11.0, 8;
    %ix/load 0, 32, 0;
    %assign/v0 v0x1a06e20_0, 0, 0;
    %jmp T_11.1;
T_11.0 ;
    %load/v 8, v0x1a06cf0_0, 1;
    %jmp/0xz  T_11.2, 8;
    %load/v 8, v0x1a06e20_0, 32;
    %ix/load 0, 32, 0;
    %assign/v0 v0x1a06e20_0, 0, 8;
    %jmp T_11.3;
T_11.2 ;
    %load/v 8, v0x1a06d70_0, 32;
    %ix/load 0, 32, 0;
    %assign/v0 v0x1a06e20_0, 0, 8;
T_11.3 ;
T_11.1 ;
    %jmp T_11;
    .thread T_11;
    .scope S_0x1a061c0;
T_12 ;
    %wait E_0x1a062b0;
    %movi 8, 2, 2;
    %ix/load 0, 2, 0;
    %assign/v0 v0x1a06320_0, 0, 8;
    %ix/load 0, 1, 0;
    %assign/v0 v0x1a063e0_0, 0, 0;
    %ix/load 0, 1, 0;
    %assign/v0 v0x1a06480_0, 0, 0;
    %ix/load 0, 1, 0;
    %assign/v0 v0x1a06520_0, 0, 0;
    %ix/load 0, 1, 0;
    %assign/v0 v0x1a06680_0, 0, 0;
    %ix/load 0, 1, 0;
    %assign/v0 v0x1a06740_0, 0, 0;
    %ix/load 0, 1, 0;
    %assign/v0 v0x1a067e0_0, 0, 0;
    %ix/load 0, 1, 0;
    %assign/v0 v0x1a06920_0, 0, 1;
    %ix/load 0, 1, 0;
    %assign/v0 v0x1a069c0_0, 0, 1;
    %ix/load 0, 1, 0;
    %assign/v0 v0x1a065d0_0, 0, 0;
    %load/v 8, v0x1a06880_0, 6;
    %cmpi/u 8, 35, 6;
    %jmp/1 T_12.0, 6;
    %cmpi/u 8, 8, 6;
    %jmp/1 T_12.1, 6;
    %cmpi/u 8, 4, 6;
    %jmp/1 T_12.2, 6;
    %cmpi/u 8, 43, 6;
    %jmp/1 T_12.3, 6;
    %cmpi/u 8, 5, 6;
    %jmp/1 T_12.4, 6;
    %cmpi/u 8, 0, 6;
    %jmp/1 T_12.5, 6;
    %cmpi/u 8, 2, 6;
    %jmp/1 T_12.6, 6;
    %jmp T_12.7;
T_12.0 ;
    %ix/load 0, 1, 0;
    %assign/v0 v0x1a06680_0, 0, 1;
    %ix/load 0, 1, 0;
    %assign/v0 v0x1a06920_0, 0, 0;
    %ix/load 0, 1, 0;
    %assign/v0 v0x1a06740_0, 0, 1;
    %ix/load 0, 1, 0;
    %ix/load 1, 1, 0;
    %assign/v0/x1 v0x1a06320_0, 0, 0;
    %ix/load 0, 1, 0;
    %assign/v0 v0x1a063e0_0, 0, 1;
    %jmp T_12.7;
T_12.1 ;
    %ix/load 0, 1, 0;
    %assign/v0 v0x1a06920_0, 0, 0;
    %ix/load 0, 1, 0;
    %ix/load 1, 1, 0;
    %assign/v0/x1 v0x1a06320_0, 0, 0;
    %ix/load 0, 1, 0;
    %assign/v0 v0x1a063e0_0, 0, 1;
    %jmp T_12.7;
T_12.2 ;
    %ix/load 0, 1, 0;
    %ix/load 1, 0, 0;
    %assign/v0/x1 v0x1a06320_0, 0, 1;
    %ix/load 0, 1, 0;
    %ix/load 1, 1, 0;
    %assign/v0/x1 v0x1a06320_0, 0, 0;
    %ix/load 0, 1, 0;
    %assign/v0 v0x1a06480_0, 0, 1;
    %ix/load 0, 1, 0;
    %assign/v0 v0x1a069c0_0, 0, 0;
    %jmp T_12.7;
T_12.3 ;
    %ix/load 0, 1, 0;
    %assign/v0 v0x1a067e0_0, 0, 1;
    %ix/load 0, 1, 0;
    %ix/load 1, 1, 0;
    %assign/v0/x1 v0x1a06320_0, 0, 0;
    %ix/load 0, 1, 0;
    %assign/v0 v0x1a063e0_0, 0, 1;
    %ix/load 0, 1, 0;
    %assign/v0 v0x1a069c0_0, 0, 0;
    %jmp T_12.7;
T_12.4 ;
    %ix/load 0, 1, 0;
    %ix/load 1, 0, 0;
    %assign/v0/x1 v0x1a06320_0, 0, 1;
    %ix/load 0, 1, 0;
    %ix/load 1, 1, 0;
    %assign/v0/x1 v0x1a06320_0, 0, 0;
    %ix/load 0, 1, 0;
    %assign/v0 v0x1a06520_0, 0, 1;
    %ix/load 0, 1, 0;
    %assign/v0 v0x1a069c0_0, 0, 0;
    %jmp T_12.7;
T_12.5 ;
    %jmp T_12.7;
T_12.6 ;
    %ix/load 0, 1, 0;
    %assign/v0 v0x1a065d0_0, 0, 1;
    %jmp T_12.7;
T_12.7 ;
    %jmp T_12;
    .thread T_12, $push;
    .scope S_0x1a05d00;
T_13 ;
    %wait E_0x19c48d0;
    %load/v 8, v0x1a05eb0_0, 1;
    %jmp/0xz  T_13.0, 8;
    %ix/load 0, 8, 0;
    %assign/v0 v0x1a06120_0, 0, 0;
    %jmp T_13.1;
T_13.0 ;
    %load/v 8, v0x1a05fd0_0, 1;
    %jmp/0xz  T_13.2, 8;
    %load/v 8, v0x1a06120_0, 8;
    %ix/load 0, 8, 0;
    %assign/v0 v0x1a06120_0, 0, 8;
    %jmp T_13.3;
T_13.2 ;
    %load/v 8, v0x1a06070_0, 8;
    %ix/load 0, 8, 0;
    %assign/v0 v0x1a06120_0, 0, 8;
T_13.3 ;
T_13.1 ;
    %jmp T_13;
    .thread T_13;
    .scope S_0x1a05830;
T_14 ;
    %wait E_0x19c48d0;
    %load/v 8, v0x1a05980_0, 1;
    %jmp/0xz  T_14.0, 8;
    %ix/load 0, 2, 0;
    %assign/v0 v0x1a05c60_0, 0, 0;
    %jmp T_14.1;
T_14.0 ;
    %load/v 8, v0x1a05b10_0, 1;
    %jmp/0xz  T_14.2, 8;
    %load/v 8, v0x1a05c60_0, 2;
    %ix/load 0, 2, 0;
    %assign/v0 v0x1a05c60_0, 0, 8;
    %jmp T_14.3;
T_14.2 ;
    %load/v 8, v0x1a05bb0_0, 2;
    %ix/load 0, 2, 0;
    %assign/v0 v0x1a05c60_0, 0, 8;
T_14.3 ;
T_14.1 ;
    %jmp T_14;
    .thread T_14;
    .scope S_0x1a05260;
T_15 ;
    %wait E_0x19c48d0;
    %load/v 8, v0x1a05400_0, 1;
    %jmp/0xz  T_15.0, 8;
    %ix/load 0, 32, 0;
    %assign/v0 v0x1a057b0_0, 0, 0;
    %jmp T_15.1;
T_15.0 ;
    %load/v 8, v0x1a01140_0, 1;
    %jmp/0xz  T_15.2, 8;
    %load/v 8, v0x1a057b0_0, 32;
    %ix/load 0, 32, 0;
    %assign/v0 v0x1a057b0_0, 0, 8;
    %jmp T_15.3;
T_15.2 ;
    %load/v 8, v0x1a05730_0, 32;
    %ix/load 0, 32, 0;
    %assign/v0 v0x1a057b0_0, 0, 8;
T_15.3 ;
T_15.1 ;
    %jmp T_15;
    .thread T_15;
    .scope S_0x1a04e00;
T_16 ;
    %wait E_0x19c48d0;
    %load/v 8, v0x1a04f90_0, 1;
    %jmp/0xz  T_16.0, 8;
    %ix/load 0, 1, 0;
    %assign/v0 v0x1a051b0_0, 0, 0;
    %jmp T_16.1;
T_16.0 ;
    %load/v 8, v0x1a05090_0, 1;
    %jmp/0xz  T_16.2, 8;
    %load/v 8, v0x1a051b0_0, 1;
    %ix/load 0, 1, 0;
    %assign/v0 v0x1a051b0_0, 0, 8;
    %jmp T_16.3;
T_16.2 ;
    %load/v 8, v0x1a05130_0, 1;
    %ix/load 0, 1, 0;
    %assign/v0 v0x1a051b0_0, 0, 8;
T_16.3 ;
T_16.1 ;
    %jmp T_16;
    .thread T_16;
    .scope S_0x1a04940;
T_17 ;
    %wait E_0x19c48d0;
    %load/v 8, v0x1a04b00_0, 1;
    %jmp/0xz  T_17.0, 8;
    %ix/load 0, 32, 0;
    %assign/v0 v0x1a04d50_0, 0, 0;
    %jmp T_17.1;
T_17.0 ;
    %load/v 8, v0x1a04c20_0, 1;
    %jmp/0xz  T_17.2, 8;
    %load/v 8, v0x1a04d50_0, 32;
    %ix/load 0, 32, 0;
    %assign/v0 v0x1a04d50_0, 0, 8;
    %jmp T_17.3;
T_17.2 ;
    %load/v 8, v0x1a04ca0_0, 32;
    %ix/load 0, 32, 0;
    %assign/v0 v0x1a04d50_0, 0, 8;
T_17.3 ;
T_17.1 ;
    %jmp T_17;
    .thread T_17;
    .scope S_0x1a044c0;
T_18 ;
    %wait E_0x19c48d0;
    %load/v 8, v0x1a04630_0, 1;
    %jmp/0xz  T_18.0, 8;
    %ix/load 0, 4, 0;
    %assign/v0 v0x1a048a0_0, 0, 0;
    %jmp T_18.1;
T_18.0 ;
    %load/v 8, v0x1a04750_0, 1;
    %jmp/0xz  T_18.2, 8;
    %load/v 8, v0x1a048a0_0, 4;
    %ix/load 0, 4, 0;
    %assign/v0 v0x1a048a0_0, 0, 8;
    %jmp T_18.3;
T_18.2 ;
    %load/v 8, v0x1a047f0_0, 4;
    %ix/load 0, 4, 0;
    %assign/v0 v0x1a048a0_0, 0, 8;
T_18.3 ;
T_18.1 ;
    %jmp T_18;
    .thread T_18;
    .scope S_0x1a04170;
T_19 ;
    %wait E_0x1a03f40;
    %load/v 8, v0x1a04410_0, 4; Only need 4 of 6 bits
; Save base=8 wid=4 in lookaside.
    %cmpi/u 8, 0, 4;
    %jmp/1 T_19.0, 6;
    %cmpi/u 8, 2, 4;
    %jmp/1 T_19.1, 6;
    %cmpi/u 8, 5, 4;
    %jmp/1 T_19.2, 6;
    %cmpi/u 8, 6, 4;
    %jmp/1 T_19.3, 6;
    %cmpi/u 8, 7, 4;
    %jmp/1 T_19.4, 6;
    %cmpi/u 8, 10, 4;
    %jmp/1 T_19.5, 6;
    %set/v v0x1a04260_0, 0, 4;
    %jmp T_19.7;
T_19.0 ;
    %movi 8, 2, 4;
    %set/v v0x1a04260_0, 8, 4;
    %jmp T_19.7;
T_19.1 ;
    %movi 8, 6, 4;
    %set/v v0x1a04260_0, 8, 4;
    %jmp T_19.7;
T_19.2 ;
    %movi 8, 1, 4;
    %set/v v0x1a04260_0, 8, 4;
    %jmp T_19.7;
T_19.3 ;
    %movi 8, 13, 4;
    %set/v v0x1a04260_0, 8, 4;
    %jmp T_19.7;
T_19.4 ;
    %movi 8, 12, 4;
    %set/v v0x1a04260_0, 8, 4;
    %jmp T_19.7;
T_19.5 ;
    %movi 8, 7, 4;
    %set/v v0x1a04260_0, 8, 4;
    %jmp T_19.7;
T_19.7 ;
    %jmp T_19;
    .thread T_19, $push;
    .scope S_0x1a04170;
T_20 ;
    %wait E_0x1a03de0;
    %load/v 8, v0x1a04390_0, 2;
    %cmpi/u 8, 0, 2;
    %jmp/1 T_20.0, 6;
    %cmpi/u 8, 1, 2;
    %jmp/1 T_20.1, 6;
    %cmpi/u 8, 2, 2;
    %jmp/1 T_20.2, 6;
    %cmpi/u 8, 3, 2;
    %jmp/1 T_20.3, 6;
    %set/v v0x1a042e0_0, 0, 4;
    %jmp T_20.5;
T_20.0 ;
    %movi 8, 2, 4;
    %set/v v0x1a042e0_0, 8, 4;
    %jmp T_20.5;
T_20.1 ;
    %movi 8, 6, 4;
    %set/v v0x1a042e0_0, 8, 4;
    %jmp T_20.5;
T_20.2 ;
    %load/v 8, v0x1a04260_0, 4;
    %set/v v0x1a042e0_0, 8, 4;
    %jmp T_20.5;
T_20.3 ;
    %movi 8, 2, 4;
    %set/v v0x1a042e0_0, 8, 4;
    %jmp T_20.5;
T_20.5 ;
    %jmp T_20;
    .thread T_20, $push;
    .scope S_0x1a026a0;
T_21 ;
    %wait E_0x1a02790;
    %load/v 8, v0x1a03b50_0, 4;
    %cmpi/u 8, 2, 4;
    %jmp/1 T_21.0, 6;
    %cmpi/u 8, 0, 4;
    %jmp/1 T_21.1, 6;
    %cmpi/u 8, 12, 4;
    %jmp/1 T_21.2, 6;
    %cmpi/u 8, 1, 4;
    %jmp/1 T_21.3, 6;
    %cmpi/u 8, 7, 4;
    %jmp/1 T_21.4, 6;
    %cmpi/u 8, 6, 4;
    %jmp/1 T_21.5, 6;
    %cmpi/u 8, 13, 4;
    %jmp/1 T_21.6, 6;
    %ix/load 0, 32, 0;
    %assign/v0 v0x1a03e40_0, 0, 0;
    %jmp T_21.8;
T_21.0 ;
    %load/v 8, v0x1a039f0_0, 32;
    %ix/load 0, 32, 0;
    %assign/v0 v0x1a03e40_0, 0, 8;
    %jmp T_21.8;
T_21.1 ;
    %load/v 8, v0x1a03800_0, 32;
    %load/v 40, v0x1a03940_0, 32;
    %and 8, 40, 32;
    %ix/load 0, 32, 0;
    %assign/v0 v0x1a03e40_0, 0, 8;
    %jmp T_21.8;
T_21.2 ;
    %load/v 8, v0x1a03800_0, 32;
    %load/v 40, v0x1a03940_0, 32;
    %or 8, 40, 32;
    %inv 8, 32;
    %ix/load 0, 32, 0;
    %assign/v0 v0x1a03e40_0, 0, 8;
    %jmp T_21.8;
T_21.3 ;
    %load/v 8, v0x1a03800_0, 32;
    %load/v 40, v0x1a03940_0, 32;
    %or 8, 40, 32;
    %ix/load 0, 32, 0;
    %assign/v0 v0x1a03e40_0, 0, 8;
    %jmp T_21.8;
T_21.4 ;
    %load/v 8, v0x1a03d40_0, 1;
    %mov 9, 0, 31;
    %ix/load 0, 32, 0;
    %assign/v0 v0x1a03e40_0, 0, 8;
    %jmp T_21.8;
T_21.5 ;
    %load/v 8, v0x1a03fd0_0, 32;
    %ix/load 0, 32, 0;
    %assign/v0 v0x1a03e40_0, 0, 8;
    %jmp T_21.8;
T_21.6 ;
    %load/v 8, v0x1a03800_0, 32;
    %load/v 40, v0x1a03940_0, 32;
    %xor 8, 40, 32;
    %ix/load 0, 32, 0;
    %assign/v0 v0x1a03e40_0, 0, 8;
    %jmp T_21.8;
T_21.8 ;
    %jmp T_21;
    .thread T_21, $push;
    .scope S_0x1a021e0;
T_22 ;
    %wait E_0x19c48d0;
    %load/v 8, v0x1a02390_0, 1;
    %jmp/0xz  T_22.0, 8;
    %ix/load 0, 1, 0;
    %assign/v0 v0x1a02600_0, 0, 0;
    %jmp T_22.1;
T_22.0 ;
    %load/v 8, v0x1a024b0_0, 1;
    %jmp/0xz  T_22.2, 8;
    %load/v 8, v0x1a02600_0, 1;
    %ix/load 0, 1, 0;
    %assign/v0 v0x1a02600_0, 0, 8;
    %jmp T_22.3;
T_22.2 ;
    %load/v 8, v0x1a02550_0, 1;
    %ix/load 0, 1, 0;
    %assign/v0 v0x1a02600_0, 0, 8;
T_22.3 ;
T_22.1 ;
    %jmp T_22;
    .thread T_22;
    .scope S_0x1a01d60;
T_23 ;
    %wait E_0x19c48d0;
    %load/v 8, v0x1a01f00_0, 1;
    %jmp/0xz  T_23.0, 8;
    %ix/load 0, 32, 0;
    %assign/v0 v0x1a02140_0, 0, 0;
    %jmp T_23.1;
T_23.0 ;
    %load/v 8, v0x1a02020_0, 1;
    %jmp/0xz  T_23.2, 8;
    %load/v 8, v0x1a02140_0, 32;
    %ix/load 0, 32, 0;
    %assign/v0 v0x1a02140_0, 0, 8;
    %jmp T_23.3;
T_23.2 ;
    %load/v 8, v0x1a020c0_0, 32;
    %ix/load 0, 32, 0;
    %assign/v0 v0x1a02140_0, 0, 8;
T_23.3 ;
T_23.1 ;
    %jmp T_23;
    .thread T_23;
    .scope S_0x1a018d0;
T_24 ;
    %wait E_0x19c48d0;
    %load/v 8, v0x1a01a70_0, 1;
    %jmp/0xz  T_24.0, 8;
    %ix/load 0, 32, 0;
    %assign/v0 v0x1a01cb0_0, 0, 0;
    %jmp T_24.1;
T_24.0 ;
    %load/v 8, v0x1a01b90_0, 1;
    %jmp/0xz  T_24.2, 8;
    %load/v 8, v0x1a01cb0_0, 32;
    %ix/load 0, 32, 0;
    %assign/v0 v0x1a01cb0_0, 0, 8;
    %jmp T_24.3;
T_24.2 ;
    %load/v 8, v0x1a01c30_0, 32;
    %ix/load 0, 32, 0;
    %assign/v0 v0x1a01cb0_0, 0, 8;
T_24.3 ;
T_24.1 ;
    %jmp T_24;
    .thread T_24;
    .scope S_0x1a01390;
T_25 ;
    %wait E_0x19c48d0;
    %load/v 8, v0x1a01540_0, 1;
    %jmp/0xz  T_25.0, 8;
    %ix/load 0, 5, 0;
    %assign/v0 v0x1a01820_0, 0, 0;
    %jmp T_25.1;
T_25.0 ;
    %load/v 8, v0x1a016d0_0, 1;
    %jmp/0xz  T_25.2, 8;
    %load/v 8, v0x1a01820_0, 5;
    %ix/load 0, 5, 0;
    %assign/v0 v0x1a01820_0, 0, 8;
    %jmp T_25.3;
T_25.2 ;
    %load/v 8, v0x1a01770_0, 5;
    %ix/load 0, 5, 0;
    %assign/v0 v0x1a01820_0, 0, 8;
T_25.3 ;
T_25.1 ;
    %jmp T_25;
    .thread T_25;
    .scope S_0x1a00e90;
T_26 ;
    %wait E_0x19c48d0;
    %load/v 8, v0x1a01040_0, 1;
    %jmp/0xz  T_26.0, 8;
    %ix/load 0, 2, 0;
    %assign/v0 v0x1a012f0_0, 0, 0;
    %jmp T_26.1;
T_26.0 ;
    %load/v 8, v0x19ffe00_0, 1;
    %jmp/0xz  T_26.2, 8;
    %load/v 8, v0x1a012f0_0, 2;
    %ix/load 0, 2, 0;
    %assign/v0 v0x1a012f0_0, 0, 8;
    %jmp T_26.3;
T_26.2 ;
    %load/v 8, v0x1a01270_0, 2;
    %ix/load 0, 2, 0;
    %assign/v0 v0x1a012f0_0, 0, 8;
T_26.3 ;
T_26.1 ;
    %jmp T_26;
    .thread T_26;
    .scope S_0x1a009f0;
T_27 ;
    %wait E_0x19c48d0;
    %load/v 8, v0x1a00bb0_0, 1;
    %jmp/0xz  T_27.0, 8;
    %ix/load 0, 32, 0;
    %assign/v0 v0x1a00df0_0, 0, 0;
    %jmp T_27.1;
T_27.0 ;
    %load/v 8, v0x1a00cd0_0, 1;
    %jmp/0xz  T_27.2, 8;
    %load/v 8, v0x1a00df0_0, 32;
    %ix/load 0, 32, 0;
    %assign/v0 v0x1a00df0_0, 0, 8;
    %jmp T_27.3;
T_27.2 ;
    %load/v 8, v0x1a00d70_0, 32;
    %ix/load 0, 32, 0;
    %assign/v0 v0x1a00df0_0, 0, 8;
T_27.3 ;
T_27.1 ;
    %jmp T_27;
    .thread T_27;
    .scope S_0x1a00540;
T_28 ;
    %wait E_0x19c48d0;
    %load/v 8, v0x1a006f0_0, 1;
    %jmp/0xz  T_28.0, 8;
    %ix/load 0, 1, 0;
    %assign/v0 v0x1a00950_0, 0, 0;
    %jmp T_28.1;
T_28.0 ;
    %load/v 8, v0x1a00820_0, 1;
    %jmp/0xz  T_28.2, 8;
    %load/v 8, v0x1a00950_0, 1;
    %ix/load 0, 1, 0;
    %assign/v0 v0x1a00950_0, 0, 8;
    %jmp T_28.3;
T_28.2 ;
    %load/v 8, v0x1a008a0_0, 1;
    %ix/load 0, 1, 0;
    %assign/v0 v0x1a00950_0, 0, 8;
T_28.3 ;
T_28.1 ;
    %jmp T_28;
    .thread T_28;
    .scope S_0x1a00080;
T_29 ;
    %wait E_0x19c48d0;
    %load/v 8, v0x1a00240_0, 1;
    %jmp/0xz  T_29.0, 8;
    %ix/load 0, 32, 0;
    %assign/v0 v0x1a004a0_0, 0, 0;
    %jmp T_29.1;
T_29.0 ;
    %load/v 8, v0x1a00380_0, 1;
    %jmp/0xz  T_29.2, 8;
    %load/v 8, v0x1a004a0_0, 32;
    %ix/load 0, 32, 0;
    %assign/v0 v0x1a004a0_0, 0, 8;
    %jmp T_29.3;
T_29.2 ;
    %load/v 8, v0x1a00420_0, 32;
    %ix/load 0, 32, 0;
    %assign/v0 v0x1a004a0_0, 0, 8;
T_29.3 ;
T_29.1 ;
    %jmp T_29;
    .thread T_29;
    .scope S_0x19ffb70;
T_30 ;
    %wait E_0x19c48d0;
    %load/v 8, v0x19ffce0_0, 1;
    %jmp/0xz  T_30.0, 8;
    %ix/load 0, 2, 0;
    %assign/v0 v0x19fffe0_0, 0, 0;
    %jmp T_30.1;
T_30.0 ;
    %load/v 8, v0x19ffe90_0, 1;
    %jmp/0xz  T_30.2, 8;
    %load/v 8, v0x19fffe0_0, 2;
    %ix/load 0, 2, 0;
    %assign/v0 v0x19fffe0_0, 0, 8;
    %jmp T_30.3;
T_30.2 ;
    %load/v 8, v0x19fff30_0, 2;
    %ix/load 0, 2, 0;
    %assign/v0 v0x19fffe0_0, 0, 8;
T_30.3 ;
T_30.1 ;
    %jmp T_30;
    .thread T_30;
    .scope S_0x19ff570;
T_31 ;
    %wait E_0x19c48d0;
    %load/v 8, v0x19ffa80_0, 1;
    %jmp/0xz  T_31.0, 8;
    %load/v 8, v0x19ffa00_0, 32;
    %ix/getv 3, v0x19ff720_0;
    %jmp/1 t_1, 4;
    %ix/load 0, 32, 0; word width
    %ix/load 1, 0, 0; part off
    %assign/av v0x19ff840, 0, 8;
t_1 ;
T_31.0 ;
    %jmp T_31;
    .thread T_31;
    .scope S_0x19ff060;
T_32 ;
    %wait E_0x19c48d0;
    %load/v 8, v0x19ff220_0, 1;
    %jmp/0xz  T_32.0, 8;
    %ix/load 0, 32, 0;
    %assign/v0 v0x19ff4d0_0, 0, 0;
    %jmp T_32.1;
T_32.0 ;
    %load/v 8, v0x19ff3b0_0, 1;
    %jmp/0xz  T_32.2, 8;
    %load/v 8, v0x19ff4d0_0, 32;
    %ix/load 0, 32, 0;
    %assign/v0 v0x19ff4d0_0, 0, 8;
    %jmp T_32.3;
T_32.2 ;
    %load/v 8, v0x19ff450_0, 32;
    %ix/load 0, 32, 0;
    %assign/v0 v0x19ff4d0_0, 0, 8;
T_32.3 ;
T_32.1 ;
    %jmp T_32;
    .thread T_32;
    .scope S_0x19feb90;
T_33 ;
    %wait E_0x19c48d0;
    %load/v 8, v0x19fed50_0, 1;
    %jmp/0xz  T_33.0, 8;
    %ix/load 0, 32, 0;
    %assign/v0 v0x19fefc0_0, 0, 0;
    %jmp T_33.1;
T_33.0 ;
    %load/v 8, v0x19fee90_0, 1;
    %jmp/0xz  T_33.2, 8;
    %load/v 8, v0x19fefc0_0, 32;
    %ix/load 0, 32, 0;
    %assign/v0 v0x19fefc0_0, 0, 8;
    %jmp T_33.3;
T_33.2 ;
    %load/v 8, v0x19fef10_0, 32;
    %ix/load 0, 32, 0;
    %assign/v0 v0x19fefc0_0, 0, 8;
T_33.3 ;
T_33.1 ;
    %jmp T_33;
    .thread T_33;
    .scope S_0x19cc2a0;
T_34 ;
    %wait E_0x19c48d0;
    %load/v 8, v0x19dccc0_0, 1;
    %jmp/0xz  T_34.0, 8;
    %ix/load 0, 5, 0;
    %assign/v0 v0x19feaf0_0, 0, 0;
    %jmp T_34.1;
T_34.0 ;
    %load/v 8, v0x19fe9a0_0, 1;
    %jmp/0xz  T_34.2, 8;
    %load/v 8, v0x19feaf0_0, 5;
    %ix/load 0, 5, 0;
    %assign/v0 v0x19feaf0_0, 0, 8;
    %jmp T_34.3;
T_34.2 ;
    %load/v 8, v0x19fea40_0, 5;
    %ix/load 0, 5, 0;
    %assign/v0 v0x19feaf0_0, 0, 8;
T_34.3 ;
T_34.1 ;
    %jmp T_34;
    .thread T_34;
    .scope S_0x19ca5b0;
T_35 ;
    %end;
    .thread T_35;
    .scope S_0x19ca5b0;
T_36 ;
    %wait E_0x19cc790;
    %ix/load 0, 1, 0;
    %assign/v0 v0x1a0b970_0, 0, 0;
    %ix/load 0, 1, 0;
    %assign/v0 v0x1a0ba40_0, 0, 0;
    %ix/load 0, 1, 0;
    %assign/v0 v0x1a05a00_0, 0, 0;
    %load/v 8, v0x1a0cc60_0, 1;
    %load/v 9, v0x1a0c1e0_0, 1;
    %or 8, 9, 1;
    %jmp/0xz  T_36.0, 8;
    %ix/load 0, 1, 0;
    %assign/v0 v0x1a0b970_0, 0, 1;
    %ix/load 0, 1, 0;
    %assign/v0 v0x1a0ba40_0, 0, 1;
    %ix/load 0, 1, 0;
    %assign/v0 v0x1a05a00_0, 0, 1;
T_36.0 ;
    %jmp T_36;
    .thread T_36, $push;
    .scope S_0x19ca5b0;
T_37 ;
    %ix/load 0, 32, 0;
    %assign/v0 v0x1a0c9d0_0, 0, 0;
    %end;
    .thread T_37;
    .scope S_0x19ca5b0;
T_38 ;
    %wait E_0x19c48d0;
    %load/v 8, v0x1a0d6d0_0, 1;
    %jmp/0xz  T_38.0, 8;
    %load/v 8, v0x1a0c9d0_0, 32;
    %ix/load 0, 32, 0;
    %assign/v0 v0x1a0c9d0_0, 0, 8;
    %jmp T_38.1;
T_38.0 ;
    %load/v 8, v0x1a0cc60_0, 1;
    %jmp/0xz  T_38.2, 8;
    %load/v 8, v0x1a0b140_0, 32;
    %ix/load 0, 32, 0;
    %assign/v0 v0x1a0c9d0_0, 0, 8;
    %jmp T_38.3;
T_38.2 ;
    %load/v 8, v0x1a0c1e0_0, 1;
    %jmp/0xz  T_38.4, 8;
    %load/v 8, v0x1a0bfd0_0, 32;
    %ix/load 0, 32, 0;
    %assign/v0 v0x1a0c9d0_0, 0, 8;
    %jmp T_38.5;
T_38.4 ;
    %load/v 8, v0x1a0ca80_0, 32;
    %ix/load 0, 32, 0;
    %assign/v0 v0x1a0c9d0_0, 0, 8;
T_38.5 ;
T_38.3 ;
T_38.1 ;
    %jmp T_38;
    .thread T_38;
    .scope S_0x19ca5b0;
T_39 ;
    %wait E_0x19c9f10;
    %load/v 8, v0x1a0bc10_0, 2;
    %cmpi/u 8, 1, 2;
    %jmp/1 T_39.0, 6;
    %cmpi/u 8, 2, 2;
    %jmp/1 T_39.1, 6;
    %load/v 8, v0x1a0b730_0, 32;
    %set/v v0x1a0be00_0, 8, 32;
    %jmp T_39.3;
T_39.0 ;
    %load/v 8, v0x1a0ac80_0, 32;
    %set/v v0x1a0be00_0, 8, 32;
    %jmp T_39.3;
T_39.1 ;
    %load/v 8, v0x1a07ad0_0, 32;
    %set/v v0x1a0be00_0, 8, 32;
    %jmp T_39.3;
T_39.3 ;
    %jmp T_39;
    .thread T_39, $push;
    .scope S_0x19ca5b0;
T_40 ;
    %wait E_0x19c42e0;
    %load/v 8, v0x1a0bac0_0, 2;
    %cmpi/u 8, 1, 2;
    %jmp/1 T_40.0, 6;
    %cmpi/u 8, 2, 2;
    %jmp/1 T_40.1, 6;
    %load/v 8, v0x1a0b610_0, 32;
    %set/v v0x1a0be80_0, 8, 32;
    %jmp T_40.3;
T_40.0 ;
    %load/v 8, v0x1a0ac80_0, 32;
    %set/v v0x1a0be80_0, 8, 32;
    %jmp T_40.3;
T_40.1 ;
    %load/v 8, v0x1a07ad0_0, 32;
    %set/v v0x1a0be80_0, 8, 32;
    %jmp T_40.3;
T_40.3 ;
    %jmp T_40;
    .thread T_40, $push;
    .scope S_0x19ca5b0;
T_41 ;
    %wait E_0x19c33f0;
    %load/v 8, v0x1a0b1c0_0, 1;
    %cmp/u 1, 8, 1;
    %jmp/1 T_41.0, 6;
    %load/v 8, v0x1a0b590_0, 1;
    %cmp/u 1, 8, 1;
    %jmp/1 T_41.1, 6;
    %ix/load 0, 1, 0;
    %assign/v0 v0x1a0cc60_0, 0, 0;
    %jmp T_41.3;
T_41.0 ;
    %load/v 8, v0x1a0db60_0, 1;
    %ix/load 0, 1, 0;
    %assign/v0 v0x1a0cc60_0, 0, 8;
    %jmp T_41.3;
T_41.1 ;
    %load/v 8, v0x1a0db60_0, 1;
    %inv 8, 1;
    %ix/load 0, 1, 0;
    %assign/v0 v0x1a0cc60_0, 0, 8;
    %jmp T_41.3;
T_41.3 ;
    %jmp T_41;
    .thread T_41, $push;
    .scope S_0x19ca5b0;
T_42 ;
    %wait E_0x19c2140;
    %load/v 8, v0x1a0d090_0, 1;
    %load/v 9, v0x1a0dd60_0, 5;
    %load/v 14, v0x1a0d310_0, 5;
    %cmp/u 9, 14, 5;
    %mov 9, 4, 1;
    %and 8, 9, 1;
    %jmp/0xz  T_42.0, 8;
    %movi 8, 1, 2;
    %ix/load 0, 2, 0;
    %assign/v0 v0x1a0bc10_0, 0, 8;
    %jmp T_42.1;
T_42.0 ;
    %load/v 8, v0x1a0d550_0, 1;
    %load/v 9, v0x1a0de30_0, 5;
    %load/v 14, v0x1a0d310_0, 5;
    %cmp/u 9, 14, 5;
    %mov 9, 4, 1;
    %and 8, 9, 1;
    %jmp/0xz  T_42.2, 8;
    %movi 8, 2, 2;
    %ix/load 0, 2, 0;
    %assign/v0 v0x1a0bc10_0, 0, 8;
    %jmp T_42.3;
T_42.2 ;
    %ix/load 0, 2, 0;
    %assign/v0 v0x1a0bc10_0, 0, 0;
T_42.3 ;
T_42.1 ;
    %load/v 8, v0x1a0d090_0, 1;
    %load/v 9, v0x1a0dd60_0, 5;
    %load/v 14, v0x1a0d410_0, 5;
    %cmp/u 9, 14, 5;
    %mov 9, 4, 1;
    %and 8, 9, 1;
    %jmp/0xz  T_42.4, 8;
    %movi 8, 1, 2;
    %ix/load 0, 2, 0;
    %assign/v0 v0x1a0bac0_0, 0, 8;
    %jmp T_42.5;
T_42.4 ;
    %load/v 8, v0x1a0d550_0, 1;
    %load/v 9, v0x1a0de30_0, 5;
    %load/v 14, v0x1a0d410_0, 5;
    %cmp/u 9, 14, 5;
    %mov 9, 4, 1;
    %and 8, 9, 1;
    %jmp/0xz  T_42.6, 8;
    %movi 8, 2, 2;
    %ix/load 0, 2, 0;
    %assign/v0 v0x1a0bac0_0, 0, 8;
    %jmp T_42.7;
T_42.6 ;
    %ix/load 0, 2, 0;
    %assign/v0 v0x1a0bac0_0, 0, 0;
T_42.7 ;
T_42.5 ;
    %jmp T_42;
    .thread T_42, $push;
    .scope S_0x19ca5b0;
T_43 ;
    %wait E_0x19bc420;
    %load/v 8, v0x1a0c660_0, 1;
    %load/v 9, v0x1a0d390_0, 5;
    %load/v 14, v0x1a0d410_0, 5;
    %cmp/u 9, 14, 5;
    %mov 9, 4, 1;
    %load/v 10, v0x1a0d5d0_0, 5;
    %load/v 15, v0x1a0d410_0, 5;
    %cmp/u 10, 15, 5;
    %or 9, 4, 1;
    %and 8, 9, 1;
    %jmp/0xz  T_43.0, 8;
    %ix/load 0, 1, 0;
    %assign/v0 v0x1a0d6d0_0, 0, 1;
    %jmp T_43.1;
T_43.0 ;
    %ix/load 0, 1, 0;
    %assign/v0 v0x1a0d6d0_0, 0, 0;
T_43.1 ;
    %jmp T_43;
    .thread T_43, $push;
    .scope S_0x19ce8c0;
T_44 ;
    %set/v v0x1a0dc60_0, 0, 32;
    %end;
    .thread T_44;
    .scope S_0x19ce8c0;
T_45 ;
    %load/v 8, v0x1a0dbe0_0, 1;
    %inv 8, 1;
    %ix/load 0, 1, 0;
    %assign/v0 v0x1a0dbe0_0, 0, 8;
    %delay 5, 0;
    %jmp T_45;
    .thread T_45;
    .scope S_0x19ce8c0;
T_46 ;
    %vpi_call 2 45 "$dumpfile";
    %vpi_call 2 46 "$dumpvars", 1'sb0, S_0x19ce8c0;
    %ix/load 0, 1, 0;
    %assign/v0 v0x1a0dbe0_0, 0, 0;
    %set/v v0x1a0dc60_0, 0, 32;
T_46.0 ;
    %load/v 8, v0x1a0dc60_0, 32;
   %cmpi/s 8, 5, 32;
    %jmp/0xz T_46.1, 5;
    %wait E_0x19c48d0;
    %ix/load 0, 1, 0;
    %load/vp0/s 8, v0x1a0dc60_0, 32;
    %set/v v0x1a0dc60_0, 8, 32;
    %jmp T_46.0;
T_46.1 ;
    %vpi_call 2 57 "$finish";
    %end;
    .thread T_46;
# The file index is used to find the file name in the following table.
:file_names 11;
    "N/A";
    "<interactive>";
    "cpu_tb.v";
    "/home/awanit/Desktop/jmahler/mips-cpu-master/cpu.v";
    "/home/awanit/Desktop/jmahler/mips-cpu-master/regr.v";
    "/home/awanit/Desktop/jmahler/mips-cpu-master/im.v";
    "/home/awanit/Desktop/jmahler/mips-cpu-master/regm.v";
    "/home/awanit/Desktop/jmahler/mips-cpu-master/control.v";
    "/home/awanit/Desktop/jmahler/mips-cpu-master/alu_control.v";
    "/home/awanit/Desktop/jmahler/mips-cpu-master/alu.v";
    "/home/awanit/Desktop/jmahler/mips-cpu-master/dm.v";
